<?xml version="1.0" encoding="UTF-8"?>
<!-- Generated by org.testng.reporters.JUnitReportReporter -->
<testsuite skipped="0" hostname="SYB-LP-TEST-008" name="test.Priority_In_testNG" tests="5" failures="0" timestamp="23 Oct 2017 09:39:08 GMT" time="0.027" errors="0">
  <testcase name="a_method" time="0.020" classname="test.Priority_In_testNG"/>
  <testcase name="b_method" time="0.002" classname="test.Priority_In_testNG"/>
  <testcase name="c_method" time="0.001" classname="test.Priority_In_testNG"/>
  <testcase name="d_method" time="0.002" classname="test.Priority_In_testNG"/>
  <testcase name="e_method" time="0.002" classname="test.Priority_In_testNG"/>
</testsuite> <!-- test.Priority_In_testNG -->
