<?xml version="1.0" encoding="UTF-8"?>
<!-- Generated by org.testng.reporters.JUnitReportReporter -->
<testsuite skipped="0" hostname="SYB-LP-TEST-008" name="test.Sample" tests="1" failures="0" timestamp="27 Dec 2017 11:04:02 GMT" time="47.558" errors="0">
  <testcase name="readdata" time="47.558" classname="test.Sample"/>
</testsuite> <!-- test.Sample -->
